TN:
SF:js\location-details.js
FN:2,getUrlParams
FN:11,loadLocationDetails
FN:13,(anonymous_2)
FN:33,(anonymous_3)
FN:41,(anonymous_4)
FN:70,getPeriodName
FNF:6
FNH:6
FNDA:6,getUrlParams
FNDA:4,loadLocationDetails
FNDA:3,(anonymous_2)
FNDA:2,(anonymous_3)
FNDA:3,(anonymous_4)
FNDA:3,getPeriodName
DA:3,6
DA:4,6
DA:12,4
DA:13,4
DA:15,4
DA:16,1
DA:17,1
DA:21,3
DA:22,3
DA:25,3
DA:28,3
DA:31,3
DA:32,3
DA:33,2
DA:39,3
DA:40,3
DA:41,2
DA:42,3
DA:43,2
DA:45,1
DA:57,3
DA:58,0
DA:59,0
DA:63,0
DA:71,3
DA:78,3
DA:81,1
LF:27
LH:24
BRDA:13,0,0,3
BRDA:13,0,1,0
BRDA:15,1,0,1
BRDA:15,1,1,3
BRDA:32,2,0,1
BRDA:32,2,1,2
BRDA:32,3,0,3
BRDA:32,3,1,1
BRDA:40,4,0,2
BRDA:40,4,1,1
BRDA:40,5,0,3
BRDA:40,5,1,3
BRDA:42,6,0,2
BRDA:42,6,1,1
BRDA:57,7,0,0
BRDA:57,7,1,3
BRDA:78,8,0,3
BRDA:78,8,1,0
BRF:18
BRH:15
end_of_record
